<?xml version="1.0" encoding="UTF-8"?>
<testsuite name="ru.ranepa.service.EmployeeServiceTest" tests="3" skipped="0" failures="0" errors="0" timestamp="2026-03-29T23:47:17" hostname="DESKTOP-AG7B2D5" time="0.068">
  <properties/>
  <testcase name="shouldFindTopEarner()" classname="ru.ranepa.service.EmployeeServiceTest" time="0.057"/>
  <testcase name="shouldReturnEmptyWhenNoEmployees()" classname="ru.ranepa.service.EmployeeServiceTest" time="0.002"/>
  <testcase name="shouldCalculateAverageSalary()" classname="ru.ranepa.service.EmployeeServiceTest" time="0.002"/>
  <system-out><![CDATA[]]></system-out>
  <system-err><![CDATA[]]></system-err>
</testsuite>
